Time resolution is 1 ps
----Start the coefficient input(AXI-lite)----
 Check Coefficient ...
OK: exp =        -133, rdata =        -133
OK: exp =        -161, rdata =        -161
OK: exp =         617, rdata =         617
OK: exp =         966, rdata =         966
OK: exp =        -699, rdata =        -699
OK: exp =        -801, rdata =        -801
OK: exp =         331, rdata =         331
OK: exp =          96, rdata =          96
OK: exp =        -834, rdata =        -834
OK: exp =          59, rdata =          59
OK: exp =         810, rdata =         810
 Tape programming done ...
 Start FIR
----End the coefficient input(AXI-lite)----
----Start the data input(AXI-Stream)----
[PASS] [Pattern          0] Golden answer:       26467, Your answer:       26467
[PASS] [Pattern          1] Golden answer:       63826, Your answer:       63826
[PASS] [Pattern          2] Golden answer:      -43207, Your answer:      -43207
[PASS] [Pattern          3] Golden answer:     -417229, Your answer:     -417229
[PASS] [Pattern          4] Golden answer:     -563784, Your answer:     -563784
[PASS] [Pattern          5] Golden answer:      593501, Your answer:      593501
[PASS] [Pattern          6] Golden answer:     2041285, Your answer:     2041285
[PASS] [Pattern          7] Golden answer:     -207851, Your answer:     -207851
[PASS] [Pattern          8] Golden answer:    -2526759, Your answer:    -2526759
[PASS] [Pattern          9] Golden answer:      355910, Your answer:      355910
[PASS] [Pattern         10] Golden answer:     1654431, Your answer:     1654431
[PASS] [Pattern         11] Golden answer:    -1275967, Your answer:    -1275967
[PASS] [Pattern         12] Golden answer:     -972575, Your answer:     -972575
[PASS] [Pattern         13] Golden answer:     2322709, Your answer:     2322709
[PASS] [Pattern         14] Golden answer:     1256490, Your answer:     1256490
[PASS] [Pattern         15] Golden answer:    -1067794, Your answer:    -1067794
[PASS] [Pattern         16] Golden answer:     -789744, Your answer:     -789744
[PASS] [Pattern         17] Golden answer:     -905997, Your answer:     -905997
[PASS] [Pattern         18] Golden answer:     -505573, Your answer:     -505573
[PASS] [Pattern         19] Golden answer:      686327, Your answer:      686327
[PASS] [Pattern         20] Golden answer:      957320, Your answer:      957320
[PASS] [Pattern         21] Golden answer:     -482915, Your answer:     -482915
[PASS] [Pattern         22] Golden answer:      -86570, Your answer:      -86570
[PASS] [Pattern         23] Golden answer:     1426162, Your answer:     1426162
[PASS] [Pattern         24] Golden answer:      607326, Your answer:      607326
[PASS] [Pattern         25] Golden answer:    -2303758, Your answer:    -2303758
[PASS] [Pattern         26] Golden answer:     -645250, Your answer:     -645250
[PASS] [Pattern         27] Golden answer:     2378311, Your answer:     2378311
[PASS] [Pattern         28] Golden answer:      508072, Your answer:      508072
[PASS] [Pattern         29] Golden answer:    -2583701, Your answer:    -2583701
[PASS] [Pattern         30] Golden answer:     -499438, Your answer:     -499438
[PASS] [Pattern         31] Golden answer:     1306661, Your answer:     1306661
[PASS] [Pattern         32] Golden answer:     -286047, Your answer:     -286047
[PASS] [Pattern         33] Golden answer:     -296478, Your answer:     -296478
[PASS] [Pattern         34] Golden answer:      774087, Your answer:      774087
[PASS] [Pattern         35] Golden answer:     1828779, Your answer:     1828779
[PASS] [Pattern         36] Golden answer:      217849, Your answer:      217849
[PASS] [Pattern         37] Golden answer:     -959579, Your answer:     -959579
[PASS] [Pattern         38] Golden answer:    -1312463, Your answer:    -1312463
[PASS] [Pattern         39] Golden answer:     -307224, Your answer:     -307224
[PASS] [Pattern         40] Golden answer:     -165831, Your answer:     -165831
[PASS] [Pattern         41] Golden answer:     -364734, Your answer:     -364734
[PASS] [Pattern         42] Golden answer:      819782, Your answer:      819782
[PASS] [Pattern         43] Golden answer:     -206357, Your answer:     -206357
[PASS] [Pattern         44] Golden answer:     -248281, Your answer:     -248281
[PASS] [Pattern         45] Golden answer:      383364, Your answer:      383364
[PASS] [Pattern         46] Golden answer:      410890, Your answer:      410890
[PASS] [Pattern         47] Golden answer:     -714249, Your answer:     -714249
[PASS] [Pattern         48] Golden answer:      835515, Your answer:      835515
[PASS] [Pattern         49] Golden answer:     1133984, Your answer:     1133984
[PASS] [Pattern         50] Golden answer:    -1634916, Your answer:    -1634916
[PASS] [Pattern         51] Golden answer:    -1057352, Your answer:    -1057352
[PASS] [Pattern         52] Golden answer:     1433106, Your answer:     1433106
[PASS] [Pattern         53] Golden answer:     1127634, Your answer:     1127634
[PASS] [Pattern         54] Golden answer:    -1492152, Your answer:    -1492152
[PASS] [Pattern         55] Golden answer:     -687631, Your answer:     -687631
[PASS] [Pattern         56] Golden answer:      975295, Your answer:      975295
[PASS] [Pattern         57] Golden answer:     -460444, Your answer:     -460444
[PASS] [Pattern         58] Golden answer:     -230933, Your answer:     -230933
[PASS] [Pattern         59] Golden answer:      889182, Your answer:      889182
[PASS] [Pattern         60] Golden answer:      742041, Your answer:      742041
[PASS] [Pattern         61] Golden answer:     -975766, Your answer:     -975766
[PASS] [Pattern         62] Golden answer:     -956526, Your answer:     -956526
[PASS] [Pattern         63] Golden answer:      492746, Your answer:      492746
[PASS] [Pattern         64] Golden answer:    -1767918, Your answer:    -1767918
[PASS] [Pattern         65] Golden answer:     -358614, Your answer:     -358614
[PASS] [Pattern         66] Golden answer:     3176626, Your answer:     3176626
[PASS] [Pattern         67] Golden answer:     1748180, Your answer:     1748180
[PASS] [Pattern         68] Golden answer:    -1827942, Your answer:    -1827942
[PASS] [Pattern         69] Golden answer:      -79793, Your answer:      -79793
[PASS] [Pattern         70] Golden answer:     1021762, Your answer:     1021762
[PASS] [Pattern         71] Golden answer:    -1171920, Your answer:    -1171920
[PASS] [Pattern         72] Golden answer:    -1170595, Your answer:    -1170595
[PASS] [Pattern         73] Golden answer:      730476, Your answer:      730476
[PASS] [Pattern         74] Golden answer:      679740, Your answer:      679740
[PASS] [Pattern         75] Golden answer:      502740, Your answer:      502740
[PASS] [Pattern         76] Golden answer:       54591, Your answer:       54591
[PASS] [Pattern         77] Golden answer:      146910, Your answer:      146910
[PASS] [Pattern         78] Golden answer:      260799, Your answer:      260799
[PASS] [Pattern         79] Golden answer:    -1379011, Your answer:    -1379011
[PASS] [Pattern         80] Golden answer:    -1275346, Your answer:    -1275346
[PASS] [Pattern         81] Golden answer:     -432197, Your answer:     -432197
[PASS] [Pattern         82] Golden answer:      688323, Your answer:      688323
[PASS] [Pattern         83] Golden answer:     1196295, Your answer:     1196295
[PASS] [Pattern         84] Golden answer:       10376, Your answer:       10376
[PASS] [Pattern         85] Golden answer:       55356, Your answer:       55356
[PASS] [Pattern         86] Golden answer:      798438, Your answer:      798438
[PASS] [Pattern         87] Golden answer:     -178528, Your answer:     -178528
[PASS] [Pattern         88] Golden answer:     -724533, Your answer:     -724533
[PASS] [Pattern         89] Golden answer:      698096, Your answer:      698096
[PASS] [Pattern         90] Golden answer:      184410, Your answer:      184410
[PASS] [Pattern         91] Golden answer:     -957548, Your answer:     -957548
[PASS] [Pattern         92] Golden answer:     1011828, Your answer:     1011828
[PASS] [Pattern         93] Golden answer:      955751, Your answer:      955751
[PASS] [Pattern         94] Golden answer:    -1347914, Your answer:    -1347914
[PASS] [Pattern         95] Golden answer:     -882301, Your answer:     -882301
[PASS] [Pattern         96] Golden answer:     1196330, Your answer:     1196330
[PASS] [Pattern         97] Golden answer:      802352, Your answer:      802352
[PASS] [Pattern         98] Golden answer:    -1740659, Your answer:    -1740659
[PASS] [Pattern         99] Golden answer:    -1367846, Your answer:    -1367846
[PASS] [Pattern        100] Golden answer:     1972109, Your answer:     1972109
[PASS] [Pattern        101] Golden answer:      487206, Your answer:      487206
[PASS] [Pattern        102] Golden answer:     -649873, Your answer:     -649873
[PASS] [Pattern        103] Golden answer:      -27816, Your answer:      -27816
[PASS] [Pattern        104] Golden answer:      459065, Your answer:      459065
[PASS] [Pattern        105] Golden answer:      912392, Your answer:      912392
[PASS] [Pattern        106] Golden answer:     -729353, Your answer:     -729353
[PASS] [Pattern        107] Golden answer:    -1752493, Your answer:    -1752493
[PASS] [Pattern        108] Golden answer:     -299477, Your answer:     -299477
[PASS] [Pattern        109] Golden answer:     1917672, Your answer:     1917672
[PASS] [Pattern        110] Golden answer:      425699, Your answer:      425699
[PASS] [Pattern        111] Golden answer:     -722339, Your answer:     -722339
[PASS] [Pattern        112] Golden answer:     1452503, Your answer:     1452503
[PASS] [Pattern        113] Golden answer:     -377488, Your answer:     -377488
[PASS] [Pattern        114] Golden answer:    -1471634, Your answer:    -1471634
[PASS] [Pattern        115] Golden answer:     -751025, Your answer:     -751025
[PASS] [Pattern        116] Golden answer:      471411, Your answer:      471411
[PASS] [Pattern        117] Golden answer:     1617243, Your answer:     1617243
[PASS] [Pattern        118] Golden answer:      -80094, Your answer:      -80094
[PASS] [Pattern        119] Golden answer:     -999378, Your answer:     -999378
[PASS] [Pattern        120] Golden answer:      203709, Your answer:      203709
[PASS] [Pattern        121] Golden answer:     1787247, Your answer:     1787247
[PASS] [Pattern        122] Golden answer:     -512992, Your answer:     -512992
[PASS] [Pattern        123] Golden answer:    -2394453, Your answer:    -2394453
[PASS] [Pattern        124] Golden answer:     -168074, Your answer:     -168074
[PASS] [Pattern        125] Golden answer:      560002, Your answer:      560002
[PASS] [Pattern        126] Golden answer:     -536150, Your answer:     -536150
[PASS] [Pattern        127] Golden answer:     -408151, Your answer:     -408151
[PASS] [Pattern        128] Golden answer:     2218786, Your answer:     2218786
[PASS] [Pattern        129] Golden answer:     1497833, Your answer:     1497833
[PASS] [Pattern        130] Golden answer:    -1713185, Your answer:    -1713185
[PASS] [Pattern        131] Golden answer:        7621, Your answer:        7621
[PASS] [Pattern        132] Golden answer:     1334043, Your answer:     1334043
[PASS] [Pattern        133] Golden answer:    -1346985, Your answer:    -1346985
[PASS] [Pattern        134] Golden answer:    -1811320, Your answer:    -1811320
[PASS] [Pattern        135] Golden answer:      779285, Your answer:      779285
[PASS] [Pattern        136] Golden answer:     -271327, Your answer:     -271327
[PASS] [Pattern        137] Golden answer:     -939022, Your answer:     -939022
[PASS] [Pattern        138] Golden answer:     1709426, Your answer:     1709426
[PASS] [Pattern        139] Golden answer:      595461, Your answer:      595461
[PASS] [Pattern        140] Golden answer:    -1080221, Your answer:    -1080221
[PASS] [Pattern        141] Golden answer:       74048, Your answer:       74048
[PASS] [Pattern        142] Golden answer:     1288381, Your answer:     1288381
[PASS] [Pattern        143] Golden answer:     -831235, Your answer:     -831235
[PASS] [Pattern        144] Golden answer:     -745889, Your answer:     -745889
[PASS] [Pattern        145] Golden answer:      351588, Your answer:      351588
[PASS] [Pattern        146] Golden answer:     1163862, Your answer:     1163862
[PASS] [Pattern        147] Golden answer:      351989, Your answer:      351989
[PASS] [Pattern        148] Golden answer:    -1319666, Your answer:    -1319666
[PASS] [Pattern        149] Golden answer:     -549234, Your answer:     -549234
[PASS] [Pattern        150] Golden answer:      460530, Your answer:      460530
[PASS] [Pattern        151] Golden answer:      429264, Your answer:      429264
[PASS] [Pattern        152] Golden answer:     -475174, Your answer:     -475174
[PASS] [Pattern        153] Golden answer:     -614330, Your answer:     -614330
[PASS] [Pattern        154] Golden answer:     -565466, Your answer:     -565466
[PASS] [Pattern        155] Golden answer:     1201992, Your answer:     1201992
[PASS] [Pattern        156] Golden answer:     1967843, Your answer:     1967843
[PASS] [Pattern        157] Golden answer:     -976970, Your answer:     -976970
[PASS] [Pattern        158] Golden answer:    -1775792, Your answer:    -1775792
[PASS] [Pattern        159] Golden answer:     1740146, Your answer:     1740146
[PASS] [Pattern        160] Golden answer:      687740, Your answer:      687740
[PASS] [Pattern        161] Golden answer:    -1639263, Your answer:    -1639263
[PASS] [Pattern        162] Golden answer:    -1081739, Your answer:    -1081739
[PASS] [Pattern        163] Golden answer:     1846439, Your answer:     1846439
[PASS] [Pattern        164] Golden answer:      721131, Your answer:      721131
[PASS] [Pattern        165] Golden answer:    -1959651, Your answer:    -1959651
[PASS] [Pattern        166] Golden answer:     -387032, Your answer:     -387032
[PASS] [Pattern        167] Golden answer:      568030, Your answer:      568030
[PASS] [Pattern        168] Golden answer:      -22954, Your answer:      -22954
[PASS] [Pattern        169] Golden answer:      299303, Your answer:      299303
[PASS] [Pattern        170] Golden answer:     1236937, Your answer:     1236937
[PASS] [Pattern        171] Golden answer:      575384, Your answer:      575384
[PASS] [Pattern        172] Golden answer:     -344766, Your answer:     -344766
[PASS] [Pattern        173] Golden answer:     -416819, Your answer:     -416819
[PASS] [Pattern        174] Golden answer:    -1769300, Your answer:    -1769300
[PASS] [Pattern        175] Golden answer:      365119, Your answer:      365119
[PASS] [Pattern        176] Golden answer:     1206709, Your answer:     1206709
[PASS] [Pattern        177] Golden answer:    -1614385, Your answer:    -1614385
[PASS] [Pattern        178] Golden answer:     -809481, Your answer:     -809481
[PASS] [Pattern        179] Golden answer:     1988742, Your answer:     1988742
[PASS] [Pattern        180] Golden answer:     1374078, Your answer:     1374078
[PASS] [Pattern        181] Golden answer:    -1048490, Your answer:    -1048490
[PASS] [Pattern        182] Golden answer:      246626, Your answer:      246626
[PASS] [Pattern        183] Golden answer:     -451241, Your answer:     -451241
[PASS] [Pattern        184] Golden answer:    -1591377, Your answer:    -1591377
[PASS] [Pattern        185] Golden answer:      493052, Your answer:      493052
[PASS] [Pattern        186] Golden answer:     1227842, Your answer:     1227842
[PASS] [Pattern        187] Golden answer:      471961, Your answer:      471961
[PASS] [Pattern        188] Golden answer:     -115817, Your answer:     -115817
[PASS] [Pattern        189] Golden answer:     -741803, Your answer:     -741803
[PASS] [Pattern        190] Golden answer:      -75003, Your answer:      -75003
[PASS] [Pattern        191] Golden answer:      743296, Your answer:      743296
[PASS] [Pattern        192] Golden answer:        3192, Your answer:        3192
[PASS] [Pattern        193] Golden answer:      -45223, Your answer:      -45223
[PASS] [Pattern        194] Golden answer:      492647, Your answer:      492647
[PASS] [Pattern        195] Golden answer:     -926198, Your answer:     -926198
[PASS] [Pattern        196] Golden answer:     -712696, Your answer:     -712696
[PASS] [Pattern        197] Golden answer:       -6008, Your answer:       -6008
[PASS] [Pattern        198] Golden answer:    -1145766, Your answer:    -1145766
[PASS] [Pattern        199] Golden answer:      -39140, Your answer:      -39140
[PASS] [Pattern        200] Golden answer:     2025647, Your answer:     2025647
[PASS] [Pattern        201] Golden answer:      922178, Your answer:      922178
[PASS] [Pattern        202] Golden answer:     -440408, Your answer:     -440408
[PASS] [Pattern        203] Golden answer:      151066, Your answer:      151066
[PASS] [Pattern        204] Golden answer:      284824, Your answer:      284824
[PASS] [Pattern        205] Golden answer:    -1227271, Your answer:    -1227271
[PASS] [Pattern        206] Golden answer:       43355, Your answer:       43355
[PASS] [Pattern        207] Golden answer:      675784, Your answer:      675784
[PASS] [Pattern        208] Golden answer:    -1315557, Your answer:    -1315557
[PASS] [Pattern        209] Golden answer:      118673, Your answer:      118673
[PASS] [Pattern        210] Golden answer:     2326538, Your answer:     2326538
[PASS] [Pattern        211] Golden answer:     -650653, Your answer:     -650653
[PASS] [Pattern        212] Golden answer:    -2841565, Your answer:    -2841565
[PASS] [Pattern        213] Golden answer:     1460538, Your answer:     1460538
[PASS] [Pattern        214] Golden answer:     1497662, Your answer:     1497662
[PASS] [Pattern        215] Golden answer:    -1828186, Your answer:    -1828186
[PASS] [Pattern        216] Golden answer:      564030, Your answer:      564030
[PASS] [Pattern        217] Golden answer:     1814937, Your answer:     1814937
[PASS] [Pattern        218] Golden answer:     -389077, Your answer:     -389077
[PASS] [Pattern        219] Golden answer:    -2040303, Your answer:    -2040303
[PASS] [Pattern        220] Golden answer:     -330342, Your answer:     -330342
[PASS] [Pattern        221] Golden answer:      970404, Your answer:      970404
[PASS] [Pattern        222] Golden answer:     -241727, Your answer:     -241727
[PASS] [Pattern        223] Golden answer:    -1159083, Your answer:    -1159083
[PASS] [Pattern        224] Golden answer:      973472, Your answer:      973472
[PASS] [Pattern        225] Golden answer:      992542, Your answer:      992542
[PASS] [Pattern        226] Golden answer:    -1263013, Your answer:    -1263013
[PASS] [Pattern        227] Golden answer:      563031, Your answer:      563031
[PASS] [Pattern        228] Golden answer:     1461040, Your answer:     1461040
[PASS] [Pattern        229] Golden answer:     -201428, Your answer:     -201428
[PASS] [Pattern        230] Golden answer:     -554246, Your answer:     -554246
[PASS] [Pattern        231] Golden answer:     -279210, Your answer:     -279210
[PASS] [Pattern        232] Golden answer:     -713703, Your answer:     -713703
[PASS] [Pattern        233] Golden answer:      140435, Your answer:      140435
[PASS] [Pattern        234] Golden answer:     1240740, Your answer:     1240740
[PASS] [Pattern        235] Golden answer:      -20796, Your answer:      -20796
[PASS] [Pattern        236] Golden answer:     -575629, Your answer:     -575629
[PASS] [Pattern        237] Golden answer:     -229037, Your answer:     -229037
[PASS] [Pattern        238] Golden answer:     -456667, Your answer:     -456667
[PASS] [Pattern        239] Golden answer:     -863831, Your answer:     -863831
[PASS] [Pattern        240] Golden answer:      -62772, Your answer:      -62772
[PASS] [Pattern        241] Golden answer:     1267957, Your answer:     1267957
[PASS] [Pattern        242] Golden answer:     1156651, Your answer:     1156651
[PASS] [Pattern        243] Golden answer:     -692124, Your answer:     -692124
[PASS] [Pattern        244] Golden answer:     -250293, Your answer:     -250293
[PASS] [Pattern        245] Golden answer:      216205, Your answer:      216205
[PASS] [Pattern        246] Golden answer:      945171, Your answer:      945171
------End the data input(AXI-Stream)------
[PASS] [Pattern        247] Golden answer:     -457702, Your answer:     -457702
[PASS] [Pattern        248] Golden answer:     -612336, Your answer:     -612336
[PASS] [Pattern        249] Golden answer:     1082612, Your answer:     1082612
[PASS] [Pattern        250] Golden answer:     -840376, Your answer:     -840376
[PASS] [Pattern        251] Golden answer:     -890252, Your answer:     -890252
[PASS] [Pattern        252] Golden answer:       84115, Your answer:       84115
[PASS] [Pattern        253] Golden answer:      879814, Your answer:      879814
[PASS] [Pattern        254] Golden answer:     -551719, Your answer:     -551719
[PASS] [Pattern        255] Golden answer:      411790, Your answer:      411790
[PASS] [Pattern        256] Golden answer:      666517, Your answer:      666517
[PASS] [Pattern        257] Golden answer:     -613170, Your answer:     -613170
latency =        9025
----Start the coefficient input(AXI-lite)----
 Check Coefficient ...
OK: exp =         414, rdata =         414
OK: exp =          34, rdata =          34
OK: exp =        -655, rdata =        -655
OK: exp =         -52, rdata =         -52
OK: exp =        -458, rdata =        -458
OK: exp =        -630, rdata =        -630
OK: exp =         664, rdata =         664
OK: exp =        -114, rdata =        -114
OK: exp =         476, rdata =         476
OK: exp =        -863, rdata =        -863
OK: exp =           3, rdata =           3
 Tape programming done ...
 Start FIR
----End the coefficient input(AXI-lite)----
----Start the data input(AXI-Stream)----
[PASS] [Pattern          0] Golden answer:     -312570, Your answer:     -312570
[PASS] [Pattern          1] Golden answer:      170980, Your answer:      170980
[PASS] [Pattern          2] Golden answer:      441951, Your answer:      441951
[PASS] [Pattern          3] Golden answer:     -440625, Your answer:     -440625
[PASS] [Pattern          4] Golden answer:      637086, Your answer:      637086
[PASS] [Pattern          5] Golden answer:      686996, Your answer:      686996
[PASS] [Pattern          6] Golden answer:     -869113, Your answer:     -869113
[PASS] [Pattern          7] Golden answer:      796476, Your answer:      796476
[PASS] [Pattern          8] Golden answer:    -1040522, Your answer:    -1040522
[PASS] [Pattern          9] Golden answer:     -684014, Your answer:     -684014
[PASS] [Pattern         10] Golden answer:     -299212, Your answer:     -299212
[PASS] [Pattern         11] Golden answer:      157582, Your answer:      157582
[PASS] [Pattern         12] Golden answer:     1149551, Your answer:     1149551
[PASS] [Pattern         13] Golden answer:       98031, Your answer:       98031
[PASS] [Pattern         14] Golden answer:    -1018402, Your answer:    -1018402
[PASS] [Pattern         15] Golden answer:      -54930, Your answer:      -54930
[PASS] [Pattern         16] Golden answer:    -1630232, Your answer:    -1630232
[PASS] [Pattern         17] Golden answer:     1146281, Your answer:     1146281
[PASS] [Pattern         18] Golden answer:     2041991, Your answer:     2041991
[PASS] [Pattern         19] Golden answer:      952617, Your answer:      952617
[PASS] [Pattern         20] Golden answer:     -432595, Your answer:     -432595
[PASS] [Pattern         21] Golden answer:    -1747241, Your answer:    -1747241
[PASS] [Pattern         22] Golden answer:     -427547, Your answer:     -427547
[PASS] [Pattern         23] Golden answer:     1058562, Your answer:     1058562
[PASS] [Pattern         24] Golden answer:      440382, Your answer:      440382
[PASS] [Pattern         25] Golden answer:     2801477, Your answer:     2801477
[PASS] [Pattern         26] Golden answer:     -383452, Your answer:     -383452
[PASS] [Pattern         27] Golden answer:      491448, Your answer:      491448
[PASS] [Pattern         28] Golden answer:    -1811324, Your answer:    -1811324
[PASS] [Pattern         29] Golden answer:    -1625289, Your answer:    -1625289
[PASS] [Pattern         30] Golden answer:     -206560, Your answer:     -206560
[PASS] [Pattern         31] Golden answer:      863707, Your answer:      863707
[PASS] [Pattern         32] Golden answer:       54738, Your answer:       54738
[PASS] [Pattern         33] Golden answer:       26250, Your answer:       26250
[PASS] [Pattern         34] Golden answer:     -306596, Your answer:     -306596
[PASS] [Pattern         35] Golden answer:     -880983, Your answer:     -880983
[PASS] [Pattern         36] Golden answer:    -1111099, Your answer:    -1111099
[PASS] [Pattern         37] Golden answer:      396676, Your answer:      396676
[PASS] [Pattern         38] Golden answer:     -231841, Your answer:     -231841
[PASS] [Pattern         39] Golden answer:      910842, Your answer:      910842
[PASS] [Pattern         40] Golden answer:     -306141, Your answer:     -306141
[PASS] [Pattern         41] Golden answer:      637985, Your answer:      637985
[PASS] [Pattern         42] Golden answer:    -1759321, Your answer:    -1759321
[PASS] [Pattern         43] Golden answer:      115415, Your answer:      115415
[PASS] [Pattern         44] Golden answer:      -43473, Your answer:      -43473
[PASS] [Pattern         45] Golden answer:     -810891, Your answer:     -810891
[PASS] [Pattern         46] Golden answer:    -1064867, Your answer:    -1064867
[PASS] [Pattern         47] Golden answer:      715439, Your answer:      715439
[PASS] [Pattern         48] Golden answer:     -107201, Your answer:     -107201
[PASS] [Pattern         49] Golden answer:     1983541, Your answer:     1983541
[PASS] [Pattern         50] Golden answer:     -478925, Your answer:     -478925
[PASS] [Pattern         51] Golden answer:      577213, Your answer:      577213
[PASS] [Pattern         52] Golden answer:     -569882, Your answer:     -569882
[PASS] [Pattern         53] Golden answer:     -790674, Your answer:     -790674
[PASS] [Pattern         54] Golden answer:     -262650, Your answer:     -262650
[PASS] [Pattern         55] Golden answer:      254746, Your answer:      254746
[PASS] [Pattern         56] Golden answer:     1325991, Your answer:     1325991
[PASS] [Pattern         57] Golden answer:    -1774957, Your answer:    -1774957
[PASS] [Pattern         58] Golden answer:      577966, Your answer:      577966
[PASS] [Pattern         59] Golden answer:       20702, Your answer:       20702
[PASS] [Pattern         60] Golden answer:     -220690, Your answer:     -220690
[PASS] [Pattern         61] Golden answer:     1504321, Your answer:     1504321
[PASS] [Pattern         62] Golden answer:      -68791, Your answer:      -68791
[PASS] [Pattern         63] Golden answer:     1100149, Your answer:     1100149
[PASS] [Pattern         64] Golden answer:     -329496, Your answer:     -329496
[PASS] [Pattern         65] Golden answer:     -476893, Your answer:     -476893
[PASS] [Pattern         66] Golden answer:     -621890, Your answer:     -621890
[PASS] [Pattern         67] Golden answer:     -123632, Your answer:     -123632
[PASS] [Pattern         68] Golden answer:      580362, Your answer:      580362
[PASS] [Pattern         69] Golden answer:     1212348, Your answer:     1212348
[PASS] [Pattern         70] Golden answer:     -444455, Your answer:     -444455
[PASS] [Pattern         71] Golden answer:     -864118, Your answer:     -864118
[PASS] [Pattern         72] Golden answer:     -332709, Your answer:     -332709
[PASS] [Pattern         73] Golden answer:     -680044, Your answer:     -680044
[PASS] [Pattern         74] Golden answer:      954560, Your answer:      954560
[PASS] [Pattern         75] Golden answer:     -177056, Your answer:     -177056
[PASS] [Pattern         76] Golden answer:       33161, Your answer:       33161
[PASS] [Pattern         77] Golden answer:    -1300238, Your answer:    -1300238
[PASS] [Pattern         78] Golden answer:    -1041483, Your answer:    -1041483
[PASS] [Pattern         79] Golden answer:     -490242, Your answer:     -490242
[PASS] [Pattern         80] Golden answer:     1052612, Your answer:     1052612
[PASS] [Pattern         81] Golden answer:       28723, Your answer:       28723
[PASS] [Pattern         82] Golden answer:     -604626, Your answer:     -604626
[PASS] [Pattern         83] Golden answer:    -1445269, Your answer:    -1445269
[PASS] [Pattern         84] Golden answer:    -2072190, Your answer:    -2072190
[PASS] [Pattern         85] Golden answer:     1535055, Your answer:     1535055
[PASS] [Pattern         86] Golden answer:    -1180200, Your answer:    -1180200
[PASS] [Pattern         87] Golden answer:      770031, Your answer:      770031
[PASS] [Pattern         88] Golden answer:      167404, Your answer:      167404
[PASS] [Pattern         89] Golden answer:     -575519, Your answer:     -575519
[PASS] [Pattern         90] Golden answer:      -54870, Your answer:      -54870
[PASS] [Pattern         91] Golden answer:     -692067, Your answer:     -692067
[PASS] [Pattern         92] Golden answer:     -599220, Your answer:     -599220
[PASS] [Pattern         93] Golden answer:     2130524, Your answer:     2130524
[PASS] [Pattern         94] Golden answer:      -30417, Your answer:      -30417
[PASS] [Pattern         95] Golden answer:     -440245, Your answer:     -440245
[PASS] [Pattern         96] Golden answer:      476285, Your answer:      476285
[PASS] [Pattern         97] Golden answer:     1262417, Your answer:     1262417
[PASS] [Pattern         98] Golden answer:     1495834, Your answer:     1495834
[PASS] [Pattern         99] Golden answer:     -969095, Your answer:     -969095
[PASS] [Pattern        100] Golden answer:      947317, Your answer:      947317
[PASS] [Pattern        101] Golden answer:       83862, Your answer:       83862
[PASS] [Pattern        102] Golden answer:      891907, Your answer:      891907
[PASS] [Pattern        103] Golden answer:     -750588, Your answer:     -750588
[PASS] [Pattern        104] Golden answer:     -188734, Your answer:     -188734
[PASS] [Pattern        105] Golden answer:     1679842, Your answer:     1679842
[PASS] [Pattern        106] Golden answer:     -684335, Your answer:     -684335
[PASS] [Pattern        107] Golden answer:     1887873, Your answer:     1887873
[PASS] [Pattern        108] Golden answer:     -333476, Your answer:     -333476
[PASS] [Pattern        109] Golden answer:     2145477, Your answer:     2145477
[PASS] [Pattern        110] Golden answer:    -1134783, Your answer:    -1134783
[PASS] [Pattern        111] Golden answer:     -262525, Your answer:     -262525
[PASS] [Pattern        112] Golden answer:     -342094, Your answer:     -342094
[PASS] [Pattern        113] Golden answer:     -690421, Your answer:     -690421
[PASS] [Pattern        114] Golden answer:      609251, Your answer:      609251
[PASS] [Pattern        115] Golden answer:      236642, Your answer:      236642
[PASS] [Pattern        116] Golden answer:     1833761, Your answer:     1833761
[PASS] [Pattern        117] Golden answer:      108036, Your answer:      108036
[PASS] [Pattern        118] Golden answer:     -712778, Your answer:     -712778
[PASS] [Pattern        119] Golden answer:      288957, Your answer:      288957
[PASS] [Pattern        120] Golden answer:    -1233319, Your answer:    -1233319
[PASS] [Pattern        121] Golden answer:     -159611, Your answer:     -159611
[PASS] [Pattern        122] Golden answer:      243411, Your answer:      243411
[PASS] [Pattern        123] Golden answer:     1753559, Your answer:     1753559
[PASS] [Pattern        124] Golden answer:    -1432179, Your answer:    -1432179
[PASS] [Pattern        125] Golden answer:      730077, Your answer:      730077
[PASS] [Pattern        126] Golden answer:     -241137, Your answer:     -241137
[PASS] [Pattern        127] Golden answer:      -21377, Your answer:      -21377
[PASS] [Pattern        128] Golden answer:     -937618, Your answer:     -937618
[PASS] [Pattern        129] Golden answer:    -1391578, Your answer:    -1391578
[PASS] [Pattern        130] Golden answer:     1118298, Your answer:     1118298
[PASS] [Pattern        131] Golden answer:     -885444, Your answer:     -885444
[PASS] [Pattern        132] Golden answer:     -303348, Your answer:     -303348
[PASS] [Pattern        133] Golden answer:     1521479, Your answer:     1521479
[PASS] [Pattern        134] Golden answer:     -759587, Your answer:     -759587
[PASS] [Pattern        135] Golden answer:     1447608, Your answer:     1447608
[PASS] [Pattern        136] Golden answer:     -836812, Your answer:     -836812
[PASS] [Pattern        137] Golden answer:      741339, Your answer:      741339
[PASS] [Pattern        138] Golden answer:     -865298, Your answer:     -865298
[PASS] [Pattern        139] Golden answer:     1029116, Your answer:     1029116
[PASS] [Pattern        140] Golden answer:      768194, Your answer:      768194
[PASS] [Pattern        141] Golden answer:     1989267, Your answer:     1989267
[PASS] [Pattern        142] Golden answer:    -1985268, Your answer:    -1985268
[PASS] [Pattern        143] Golden answer:     -462178, Your answer:     -462178
[PASS] [Pattern        144] Golden answer:      974304, Your answer:      974304
[PASS] [Pattern        145] Golden answer:     -564353, Your answer:     -564353
[PASS] [Pattern        146] Golden answer:      636351, Your answer:      636351
[PASS] [Pattern        147] Golden answer:       54044, Your answer:       54044
[PASS] [Pattern        148] Golden answer:     -269293, Your answer:     -269293
[PASS] [Pattern        149] Golden answer:     -911006, Your answer:     -911006
[PASS] [Pattern        150] Golden answer:      192303, Your answer:      192303
[PASS] [Pattern        151] Golden answer:     -494128, Your answer:     -494128
[PASS] [Pattern        152] Golden answer:      597573, Your answer:      597573
[PASS] [Pattern        153] Golden answer:      297351, Your answer:      297351
[PASS] [Pattern        154] Golden answer:     -778055, Your answer:     -778055
[PASS] [Pattern        155] Golden answer:     -404808, Your answer:     -404808
[PASS] [Pattern        156] Golden answer:     -467006, Your answer:     -467006
[PASS] [Pattern        157] Golden answer:     -907375, Your answer:     -907375
[PASS] [Pattern        158] Golden answer:     -555264, Your answer:     -555264
[PASS] [Pattern        159] Golden answer:     -350622, Your answer:     -350622
[PASS] [Pattern        160] Golden answer:      191786, Your answer:      191786
[PASS] [Pattern        161] Golden answer:      447058, Your answer:      447058
[PASS] [Pattern        162] Golden answer:     -379362, Your answer:     -379362
[PASS] [Pattern        163] Golden answer:      166744, Your answer:      166744
[PASS] [Pattern        164] Golden answer:     -810361, Your answer:     -810361
[PASS] [Pattern        165] Golden answer:    -1068671, Your answer:    -1068671
[PASS] [Pattern        166] Golden answer:     -625475, Your answer:     -625475
[PASS] [Pattern        167] Golden answer:     -571835, Your answer:     -571835
[PASS] [Pattern        168] Golden answer:      383571, Your answer:      383571
[PASS] [Pattern        169] Golden answer:      768827, Your answer:      768827
[PASS] [Pattern        170] Golden answer:      -41219, Your answer:      -41219
[PASS] [Pattern        171] Golden answer:    -1836984, Your answer:    -1836984
[PASS] [Pattern        172] Golden answer:      369530, Your answer:      369530
[PASS] [Pattern        173] Golden answer:     -658487, Your answer:     -658487
[PASS] [Pattern        174] Golden answer:      723391, Your answer:      723391
[PASS] [Pattern        175] Golden answer:      480161, Your answer:      480161
[PASS] [Pattern        176] Golden answer:      805952, Your answer:      805952
[PASS] [Pattern        177] Golden answer:      199622, Your answer:      199622
[PASS] [Pattern        178] Golden answer:    -1975323, Your answer:    -1975323
[PASS] [Pattern        179] Golden answer:     1029915, Your answer:     1029915
[PASS] [Pattern        180] Golden answer:      824614, Your answer:      824614
[PASS] [Pattern        181] Golden answer:      137304, Your answer:      137304
[PASS] [Pattern        182] Golden answer:      911653, Your answer:      911653
[PASS] [Pattern        183] Golden answer:       57604, Your answer:       57604
[PASS] [Pattern        184] Golden answer:      242378, Your answer:      242378
[PASS] [Pattern        185] Golden answer:       31551, Your answer:       31551
[PASS] [Pattern        186] Golden answer:     -738567, Your answer:     -738567
[PASS] [Pattern        187] Golden answer:     -305831, Your answer:     -305831
[PASS] [Pattern        188] Golden answer:    -1337771, Your answer:    -1337771
[PASS] [Pattern        189] Golden answer:      356308, Your answer:      356308
[PASS] [Pattern        190] Golden answer:      152021, Your answer:      152021
[PASS] [Pattern        191] Golden answer:     1599811, Your answer:     1599811
[PASS] [Pattern        192] Golden answer:      -56029, Your answer:      -56029
[PASS] [Pattern        193] Golden answer:      -64996, Your answer:      -64996
[PASS] [Pattern        194] Golden answer:     -474666, Your answer:     -474666
[PASS] [Pattern        195] Golden answer:    -1946785, Your answer:    -1946785
[PASS] [Pattern        196] Golden answer:      322188, Your answer:      322188
[PASS] [Pattern        197] Golden answer:      543769, Your answer:      543769
[PASS] [Pattern        198] Golden answer:       84150, Your answer:       84150
[PASS] [Pattern        199] Golden answer:     1404059, Your answer:     1404059
[PASS] [Pattern        200] Golden answer:     -625242, Your answer:     -625242
[PASS] [Pattern        201] Golden answer:    -1347055, Your answer:    -1347055
[PASS] [Pattern        202] Golden answer:     -901195, Your answer:     -901195
[PASS] [Pattern        203] Golden answer:     -811373, Your answer:     -811373
[PASS] [Pattern        204] Golden answer:      701597, Your answer:      701597
[PASS] [Pattern        205] Golden answer:      999606, Your answer:      999606
[PASS] [Pattern        206] Golden answer:     -921377, Your answer:     -921377
[PASS] [Pattern        207] Golden answer:     1719717, Your answer:     1719717
[PASS] [Pattern        208] Golden answer:     -850342, Your answer:     -850342
[PASS] [Pattern        209] Golden answer:      298107, Your answer:      298107
[PASS] [Pattern        210] Golden answer:    -1066791, Your answer:    -1066791
[PASS] [Pattern        211] Golden answer:       65431, Your answer:       65431
[PASS] [Pattern        212] Golden answer:      -73708, Your answer:      -73708
[PASS] [Pattern        213] Golden answer:     -519983, Your answer:     -519983
[PASS] [Pattern        214] Golden answer:     -541456, Your answer:     -541456
[PASS] [Pattern        215] Golden answer:    -1364725, Your answer:    -1364725
[PASS] [Pattern        216] Golden answer:      158677, Your answer:      158677
[PASS] [Pattern        217] Golden answer:     -824599, Your answer:     -824599
[PASS] [Pattern        218] Golden answer:     -125234, Your answer:     -125234
[PASS] [Pattern        219] Golden answer:      495095, Your answer:      495095
[PASS] [Pattern        220] Golden answer:       39203, Your answer:       39203
[PASS] [Pattern        221] Golden answer:     1931230, Your answer:     1931230
[PASS] [Pattern        222] Golden answer:    -1312379, Your answer:    -1312379
[PASS] [Pattern        223] Golden answer:     1265714, Your answer:     1265714
[PASS] [Pattern        224] Golden answer:    -1864954, Your answer:    -1864954
[PASS] [Pattern        225] Golden answer:      598395, Your answer:      598395
[PASS] [Pattern        226] Golden answer:      687968, Your answer:      687968
[PASS] [Pattern        227] Golden answer:     -700424, Your answer:     -700424
[PASS] [Pattern        228] Golden answer:     2550904, Your answer:     2550904
[PASS] [Pattern        229] Golden answer:    -1163231, Your answer:    -1163231
[PASS] [Pattern        230] Golden answer:     -321740, Your answer:     -321740
[PASS] [Pattern        231] Golden answer:       73848, Your answer:       73848
[PASS] [Pattern        232] Golden answer:      808566, Your answer:      808566
[PASS] [Pattern        233] Golden answer:     -620643, Your answer:     -620643
[PASS] [Pattern        234] Golden answer:     -364939, Your answer:     -364939
[PASS] [Pattern        235] Golden answer:      107655, Your answer:      107655
[PASS] [Pattern        236] Golden answer:      848798, Your answer:      848798
[PASS] [Pattern        237] Golden answer:    -1436560, Your answer:    -1436560
[PASS] [Pattern        238] Golden answer:      293460, Your answer:      293460
[PASS] [Pattern        239] Golden answer:     -437904, Your answer:     -437904
[PASS] [Pattern        240] Golden answer:     -970568, Your answer:     -970568
[PASS] [Pattern        241] Golden answer:    -1423023, Your answer:    -1423023
[PASS] [Pattern        242] Golden answer:      412644, Your answer:      412644
[PASS] [Pattern        243] Golden answer:     -596529, Your answer:     -596529
[PASS] [Pattern        244] Golden answer:      104668, Your answer:      104668
[PASS] [Pattern        245] Golden answer:      543014, Your answer:      543014
[PASS] [Pattern        246] Golden answer:    -1168358, Your answer:    -1168358
[PASS] [Pattern        247] Golden answer:     1337747, Your answer:     1337747
[PASS] [Pattern        248] Golden answer:    -1117024, Your answer:    -1117024
[PASS] [Pattern        249] Golden answer:      485597, Your answer:      485597
[PASS] [Pattern        250] Golden answer:     -683570, Your answer:     -683570
[PASS] [Pattern        251] Golden answer:     -382547, Your answer:     -382547
[PASS] [Pattern        252] Golden answer:     2579669, Your answer:     2579669
[PASS] [Pattern        253] Golden answer:     -986985, Your answer:     -986985
[PASS] [Pattern        254] Golden answer:     1611595, Your answer:     1611595
[PASS] [Pattern        255] Golden answer:    -1835995, Your answer:    -1835995
[PASS] [Pattern        256] Golden answer:     -849964, Your answer:     -849964
[PASS] [Pattern        257] Golden answer:    -1337863, Your answer:    -1337863
[PASS] [Pattern        258] Golden answer:     -538207, Your answer:     -538207
[PASS] [Pattern        259] Golden answer:      423523, Your answer:      423523
[PASS] [Pattern        260] Golden answer:     -242396, Your answer:     -242396
[PASS] [Pattern        261] Golden answer:      213957, Your answer:      213957
[PASS] [Pattern        262] Golden answer:      949681, Your answer:      949681
[PASS] [Pattern        263] Golden answer:     -693162, Your answer:     -693162
[PASS] [Pattern        264] Golden answer:      -43788, Your answer:      -43788
[PASS] [Pattern        265] Golden answer:    -1673622, Your answer:    -1673622
[PASS] [Pattern        266] Golden answer:      280395, Your answer:      280395
[PASS] [Pattern        267] Golden answer:      564477, Your answer:      564477
[PASS] [Pattern        268] Golden answer:      -42032, Your answer:      -42032
[PASS] [Pattern        269] Golden answer:      993256, Your answer:      993256
[PASS] [Pattern        270] Golden answer:    -1006846, Your answer:    -1006846
[PASS] [Pattern        271] Golden answer:      794549, Your answer:      794549
[PASS] [Pattern        272] Golden answer:    -1255113, Your answer:    -1255113
[PASS] [Pattern        273] Golden answer:     1738326, Your answer:     1738326
[PASS] [Pattern        274] Golden answer:     -945413, Your answer:     -945413
[PASS] [Pattern        275] Golden answer:     -677354, Your answer:     -677354
[PASS] [Pattern        276] Golden answer:     1030050, Your answer:     1030050
[PASS] [Pattern        277] Golden answer:      590336, Your answer:      590336
[PASS] [Pattern        278] Golden answer:      265999, Your answer:      265999
[PASS] [Pattern        279] Golden answer:     -385046, Your answer:     -385046
[PASS] [Pattern        280] Golden answer:    -1077284, Your answer:    -1077284
[PASS] [Pattern        281] Golden answer:     1013436, Your answer:     1013436
[PASS] [Pattern        282] Golden answer:      294036, Your answer:      294036
[PASS] [Pattern        283] Golden answer:      -46319, Your answer:      -46319
[PASS] [Pattern        284] Golden answer:     1725662, Your answer:     1725662
[PASS] [Pattern        285] Golden answer:    -1757577, Your answer:    -1757577
[PASS] [Pattern        286] Golden answer:     1509995, Your answer:     1509995
[PASS] [Pattern        287] Golden answer:    -1788051, Your answer:    -1788051
[PASS] [Pattern        288] Golden answer:     -360503, Your answer:     -360503
[PASS] [Pattern        289] Golden answer:     -450729, Your answer:     -450729
[PASS] [Pattern        290] Golden answer:    -1148337, Your answer:    -1148337
[PASS] [Pattern        291] Golden answer:      869281, Your answer:      869281
[PASS] [Pattern        292] Golden answer:      104129, Your answer:      104129
[PASS] [Pattern        293] Golden answer:     1366974, Your answer:     1366974
[PASS] [Pattern        294] Golden answer:      378349, Your answer:      378349
[PASS] [Pattern        295] Golden answer:     -985546, Your answer:     -985546
[PASS] [Pattern        296] Golden answer:    -1646492, Your answer:    -1646492
[PASS] [Pattern        297] Golden answer:      441916, Your answer:      441916
[PASS] [Pattern        298] Golden answer:     -313874, Your answer:     -313874
[PASS] [Pattern        299] Golden answer:     1597843, Your answer:     1597843
[PASS] [Pattern        300] Golden answer:     -784116, Your answer:     -784116
[PASS] [Pattern        301] Golden answer:      591548, Your answer:      591548
[PASS] [Pattern        302] Golden answer:    -1571527, Your answer:    -1571527
[PASS] [Pattern        303] Golden answer:      455931, Your answer:      455931
[PASS] [Pattern        304] Golden answer:     -810367, Your answer:     -810367
[PASS] [Pattern        305] Golden answer:      920539, Your answer:      920539
[PASS] [Pattern        306] Golden answer:    -1791703, Your answer:    -1791703
[PASS] [Pattern        307] Golden answer:      896809, Your answer:      896809
[PASS] [Pattern        308] Golden answer:    -2287673, Your answer:    -2287673
[PASS] [Pattern        309] Golden answer:      253991, Your answer:      253991
[PASS] [Pattern        310] Golden answer:    -1263450, Your answer:    -1263450
[PASS] [Pattern        311] Golden answer:     1375134, Your answer:     1375134
[PASS] [Pattern        312] Golden answer:     -138768, Your answer:     -138768
[PASS] [Pattern        313] Golden answer:     -941757, Your answer:     -941757
[PASS] [Pattern        314] Golden answer:      396313, Your answer:      396313
[PASS] [Pattern        315] Golden answer:    -1820062, Your answer:    -1820062
[PASS] [Pattern        316] Golden answer:       13949, Your answer:       13949
[PASS] [Pattern        317] Golden answer:     -266641, Your answer:     -266641
[PASS] [Pattern        318] Golden answer:      536399, Your answer:      536399
[PASS] [Pattern        319] Golden answer:      282168, Your answer:      282168
[PASS] [Pattern        320] Golden answer:      184790, Your answer:      184790
[PASS] [Pattern        321] Golden answer:     -737914, Your answer:     -737914
[PASS] [Pattern        322] Golden answer:     2069198, Your answer:     2069198
[PASS] [Pattern        323] Golden answer:     -566581, Your answer:     -566581
[PASS] [Pattern        324] Golden answer:      952179, Your answer:      952179
[PASS] [Pattern        325] Golden answer:       90681, Your answer:       90681
[PASS] [Pattern        326] Golden answer:     -529414, Your answer:     -529414
[PASS] [Pattern        327] Golden answer:     1242410, Your answer:     1242410
[PASS] [Pattern        328] Golden answer:    -1886622, Your answer:    -1886622
[PASS] [Pattern        329] Golden answer:      296295, Your answer:      296295
[PASS] [Pattern        330] Golden answer:     -685934, Your answer:     -685934
[PASS] [Pattern        331] Golden answer:      294937, Your answer:      294937
[PASS] [Pattern        332] Golden answer:      882026, Your answer:      882026
[PASS] [Pattern        333] Golden answer:     -863708, Your answer:     -863708
[PASS] [Pattern        334] Golden answer:      901773, Your answer:      901773
[PASS] [Pattern        335] Golden answer:     -685378, Your answer:     -685378
[PASS] [Pattern        336] Golden answer:     1031808, Your answer:     1031808
[PASS] [Pattern        337] Golden answer:    -1675776, Your answer:    -1675776
[PASS] [Pattern        338] Golden answer:     1185602, Your answer:     1185602
[PASS] [Pattern        339] Golden answer:     -164122, Your answer:     -164122
[PASS] [Pattern        340] Golden answer:      903065, Your answer:      903065
[PASS] [Pattern        341] Golden answer:     -395223, Your answer:     -395223
[PASS] [Pattern        342] Golden answer:      370775, Your answer:      370775
[PASS] [Pattern        343] Golden answer:      601291, Your answer:      601291
[PASS] [Pattern        344] Golden answer:      215215, Your answer:      215215
[PASS] [Pattern        345] Golden answer:    -1911841, Your answer:    -1911841
[PASS] [Pattern        346] Golden answer:      983037, Your answer:      983037
[PASS] [Pattern        347] Golden answer:     1675254, Your answer:     1675254
[PASS] [Pattern        348] Golden answer:     2454240, Your answer:     2454240
[PASS] [Pattern        349] Golden answer:       -7276, Your answer:       -7276
[PASS] [Pattern        350] Golden answer:        4728, Your answer:        4728
[PASS] [Pattern        351] Golden answer:      595150, Your answer:      595150
[PASS] [Pattern        352] Golden answer:       18813, Your answer:       18813
[PASS] [Pattern        353] Golden answer:     -577230, Your answer:     -577230
[PASS] [Pattern        354] Golden answer:      243370, Your answer:      243370
[PASS] [Pattern        355] Golden answer:       81955, Your answer:       81955
[PASS] [Pattern        356] Golden answer:      571380, Your answer:      571380
[PASS] [Pattern        357] Golden answer:     -452669, Your answer:     -452669
[PASS] [Pattern        358] Golden answer:      340469, Your answer:      340469
[PASS] [Pattern        359] Golden answer:     -189226, Your answer:     -189226
[PASS] [Pattern        360] Golden answer:     -690848, Your answer:     -690848
[PASS] [Pattern        361] Golden answer:    -1587677, Your answer:    -1587677
[PASS] [Pattern        362] Golden answer:      497895, Your answer:      497895
[PASS] [Pattern        363] Golden answer:    -1985426, Your answer:    -1985426
[PASS] [Pattern        364] Golden answer:     -540838, Your answer:     -540838
[PASS] [Pattern        365] Golden answer:      232238, Your answer:      232238
[PASS] [Pattern        366] Golden answer:     -226451, Your answer:     -226451
[PASS] [Pattern        367] Golden answer:      419767, Your answer:      419767
[PASS] [Pattern        368] Golden answer:      445812, Your answer:      445812
[PASS] [Pattern        369] Golden answer:     -164812, Your answer:     -164812
[PASS] [Pattern        370] Golden answer:     -272097, Your answer:     -272097
[PASS] [Pattern        371] Golden answer:    -1525958, Your answer:    -1525958
[PASS] [Pattern        372] Golden answer:      257563, Your answer:      257563
[PASS] [Pattern        373] Golden answer:      881194, Your answer:      881194
[PASS] [Pattern        374] Golden answer:      896945, Your answer:      896945
[PASS] [Pattern        375] Golden answer:     -982334, Your answer:     -982334
[PASS] [Pattern        376] Golden answer:     1310041, Your answer:     1310041
[PASS] [Pattern        377] Golden answer:    -2120066, Your answer:    -2120066
[PASS] [Pattern        378] Golden answer:      793800, Your answer:      793800
[PASS] [Pattern        379] Golden answer:     -936639, Your answer:     -936639
[PASS] [Pattern        380] Golden answer:     -681798, Your answer:     -681798
[PASS] [Pattern        381] Golden answer:     -250164, Your answer:     -250164
[PASS] [Pattern        382] Golden answer:     -109710, Your answer:     -109710
[PASS] [Pattern        383] Golden answer:     -902001, Your answer:     -902001
[PASS] [Pattern        384] Golden answer:     -437496, Your answer:     -437496
[PASS] [Pattern        385] Golden answer:    -1664125, Your answer:    -1664125
[PASS] [Pattern        386] Golden answer:     -311042, Your answer:     -311042
[PASS] [Pattern        387] Golden answer:     -398435, Your answer:     -398435
[PASS] [Pattern        388] Golden answer:     -769880, Your answer:     -769880
[PASS] [Pattern        389] Golden answer:      411712, Your answer:      411712
[PASS] [Pattern        390] Golden answer:     -197763, Your answer:     -197763
[PASS] [Pattern        391] Golden answer:     -248808, Your answer:     -248808
[PASS] [Pattern        392] Golden answer:      904477, Your answer:      904477
[PASS] [Pattern        393] Golden answer:    -1038850, Your answer:    -1038850
[PASS] [Pattern        394] Golden answer:      371101, Your answer:      371101
------End the data input(AXI-Stream)------
[PASS] [Pattern        395] Golden answer:      254355, Your answer:      254355
[PASS] [Pattern        396] Golden answer:      396195, Your answer:      396195
[PASS] [Pattern        397] Golden answer:     -346983, Your answer:     -346983
[PASS] [Pattern        398] Golden answer:      -44244, Your answer:      -44244
[PASS] [Pattern        399] Golden answer:      758300, Your answer:      758300
[PASS] [Pattern        400] Golden answer:      -75353, Your answer:      -75353
[PASS] [Pattern        401] Golden answer:      -84003, Your answer:      -84003
[PASS] [Pattern        402] Golden answer:     -275021, Your answer:     -275021
[PASS] [Pattern        403] Golden answer:      443798, Your answer:      443798
[PASS] [Pattern        404] Golden answer:     -110933, Your answer:     -110933
[PASS] [Pattern        405] Golden answer:         381, Your answer:         381
latency =       14205
----Start the coefficient input(AXI-lite)----
 Check Coefficient ...
OK: exp =          59, rdata =          59
OK: exp =         -94, rdata =         -94
OK: exp =        -157, rdata =        -157
OK: exp =         112, rdata =         112
OK: exp =          -7, rdata =          -7
OK: exp =         987, rdata =         987
OK: exp =        -267, rdata =        -267
OK: exp =         649, rdata =         649
OK: exp =         622, rdata =         622
OK: exp =        -507, rdata =        -507
OK: exp =        -763, rdata =        -763
 Tape programming done ...
 Start FIR
----End the coefficient input(AXI-lite)----
----Start the data input(AXI-Stream)----
[PASS] [Pattern          0] Golden answer:        -708, Your answer:        -708
[PASS] [Pattern          1] Golden answer:       10981, Your answer:       10981
[PASS] [Pattern          2] Golden answer:      -51043, Your answer:      -51043
[PASS] [Pattern          3] Golden answer:       60720, Your answer:       60720
[PASS] [Pattern          4] Golden answer:      123444, Your answer:      123444
[PASS] [Pattern          5] Golden answer:     -269111, Your answer:     -269111
[PASS] [Pattern          6] Golden answer:       77624, Your answer:       77624
[PASS] [Pattern          7] Golden answer:     -432589, Your answer:     -432589
[PASS] [Pattern          8] Golden answer:      839333, Your answer:      839333
[PASS] [Pattern          9] Golden answer:      320860, Your answer:      320860
[PASS] [Pattern         10] Golden answer:     -727581, Your answer:     -727581
[PASS] [Pattern         11] Golden answer:      381651, Your answer:      381651
[PASS] [Pattern         12] Golden answer:      704583, Your answer:      704583
[PASS] [Pattern         13] Golden answer:    -1804104, Your answer:    -1804104
[PASS] [Pattern         14] Golden answer:    -2136453, Your answer:    -2136453
[PASS] [Pattern         15] Golden answer:      655504, Your answer:      655504
[PASS] [Pattern         16] Golden answer:     -588501, Your answer:     -588501
[PASS] [Pattern         17] Golden answer:      614503, Your answer:      614503
[PASS] [Pattern         18] Golden answer:       -5491, Your answer:       -5491
[PASS] [Pattern         19] Golden answer:      156456, Your answer:      156456
[PASS] [Pattern         20] Golden answer:     1077946, Your answer:     1077946
[PASS] [Pattern         21] Golden answer:     -545873, Your answer:     -545873
[PASS] [Pattern         22] Golden answer:     -561674, Your answer:     -561674
[PASS] [Pattern         23] Golden answer:      212456, Your answer:      212456
[PASS] [Pattern         24] Golden answer:      520886, Your answer:      520886
[PASS] [Pattern         25] Golden answer:     1710732, Your answer:     1710732
[PASS] [Pattern         26] Golden answer:      747379, Your answer:      747379
[PASS] [Pattern         27] Golden answer:     -633467, Your answer:     -633467
[PASS] [Pattern         28] Golden answer:    -1346665, Your answer:    -1346665
[PASS] [Pattern         29] Golden answer:     -122606, Your answer:     -122606
[PASS] [Pattern         30] Golden answer:    -1531987, Your answer:    -1531987
[PASS] [Pattern         31] Golden answer:      -95119, Your answer:      -95119
[PASS] [Pattern         32] Golden answer:      470289, Your answer:      470289
[PASS] [Pattern         33] Golden answer:    -1067607, Your answer:    -1067607
[PASS] [Pattern         34] Golden answer:    -1043877, Your answer:    -1043877
[PASS] [Pattern         35] Golden answer:      -50350, Your answer:      -50350
[PASS] [Pattern         36] Golden answer:     -412111, Your answer:     -412111
[PASS] [Pattern         37] Golden answer:     -868980, Your answer:     -868980
[PASS] [Pattern         38] Golden answer:     1722313, Your answer:     1722313
[PASS] [Pattern         39] Golden answer:     -744862, Your answer:     -744862
[PASS] [Pattern         40] Golden answer:     -521937, Your answer:     -521937
[PASS] [Pattern         41] Golden answer:      161855, Your answer:      161855
[PASS] [Pattern         42] Golden answer:     -337436, Your answer:     -337436
[PASS] [Pattern         43] Golden answer:      505079, Your answer:      505079
[PASS] [Pattern         44] Golden answer:     1698313, Your answer:     1698313
[PASS] [Pattern         45] Golden answer:      233999, Your answer:      233999
[PASS] [Pattern         46] Golden answer:      896546, Your answer:      896546
[PASS] [Pattern         47] Golden answer:    -1432799, Your answer:    -1432799
[PASS] [Pattern         48] Golden answer:    -1914557, Your answer:    -1914557
[PASS] [Pattern         49] Golden answer:      652522, Your answer:      652522
[PASS] [Pattern         50] Golden answer:    -1537571, Your answer:    -1537571
[PASS] [Pattern         51] Golden answer:       46744, Your answer:       46744
[PASS] [Pattern         52] Golden answer:      994706, Your answer:      994706
[PASS] [Pattern         53] Golden answer:     -732886, Your answer:     -732886
[PASS] [Pattern         54] Golden answer:     -468718, Your answer:     -468718
[PASS] [Pattern         55] Golden answer:     -219248, Your answer:     -219248
[PASS] [Pattern         56] Golden answer:     1773194, Your answer:     1773194
[PASS] [Pattern         57] Golden answer:     -134792, Your answer:     -134792
[PASS] [Pattern         58] Golden answer:      483077, Your answer:      483077
[PASS] [Pattern         59] Golden answer:     -701285, Your answer:     -701285
[PASS] [Pattern         60] Golden answer:     -205998, Your answer:     -205998
[PASS] [Pattern         61] Golden answer:    -1449354, Your answer:    -1449354
[PASS] [Pattern         62] Golden answer:    -1599445, Your answer:    -1599445
[PASS] [Pattern         63] Golden answer:      -22418, Your answer:      -22418
[PASS] [Pattern         64] Golden answer:      428987, Your answer:      428987
[PASS] [Pattern         65] Golden answer:     1558759, Your answer:     1558759
[PASS] [Pattern         66] Golden answer:     1821172, Your answer:     1821172
[PASS] [Pattern         67] Golden answer:      851226, Your answer:      851226
[PASS] [Pattern         68] Golden answer:      280442, Your answer:      280442
[PASS] [Pattern         69] Golden answer:      126483, Your answer:      126483
[PASS] [Pattern         70] Golden answer:     -301286, Your answer:     -301286
[PASS] [Pattern         71] Golden answer:      749137, Your answer:      749137
[PASS] [Pattern         72] Golden answer:     1129577, Your answer:     1129577
[PASS] [Pattern         73] Golden answer:     -520401, Your answer:     -520401
[PASS] [Pattern         74] Golden answer:     -976246, Your answer:     -976246
[PASS] [Pattern         75] Golden answer:     1334616, Your answer:     1334616
[PASS] [Pattern         76] Golden answer:     -868770, Your answer:     -868770
[PASS] [Pattern         77] Golden answer:      342596, Your answer:      342596
[PASS] [Pattern         78] Golden answer:      -13582, Your answer:      -13582
[PASS] [Pattern         79] Golden answer:      720922, Your answer:      720922
[PASS] [Pattern         80] Golden answer:     -126748, Your answer:     -126748
[PASS] [Pattern         81] Golden answer:    -2363472, Your answer:    -2363472
[PASS] [Pattern         82] Golden answer:     -457186, Your answer:     -457186
[PASS] [Pattern         83] Golden answer:     -231768, Your answer:     -231768
[PASS] [Pattern         84] Golden answer:     -625816, Your answer:     -625816
[PASS] [Pattern         85] Golden answer:     -117717, Your answer:     -117717
[PASS] [Pattern         86] Golden answer:     -223629, Your answer:     -223629
[PASS] [Pattern         87] Golden answer:     1542913, Your answer:     1542913
[PASS] [Pattern         88] Golden answer:      848832, Your answer:      848832
[PASS] [Pattern         89] Golden answer:      870207, Your answer:      870207
[PASS] [Pattern         90] Golden answer:      768858, Your answer:      768858
[PASS] [Pattern         91] Golden answer:    -1013356, Your answer:    -1013356
[PASS] [Pattern         92] Golden answer:      921402, Your answer:      921402
[PASS] [Pattern         93] Golden answer:    -1271060, Your answer:    -1271060
[PASS] [Pattern         94] Golden answer:     -213455, Your answer:     -213455
[PASS] [Pattern         95] Golden answer:     -584686, Your answer:     -584686
[PASS] [Pattern         96] Golden answer:     -528624, Your answer:     -528624
[PASS] [Pattern         97] Golden answer:     -955397, Your answer:     -955397
[PASS] [Pattern         98] Golden answer:     -938942, Your answer:     -938942
[PASS] [Pattern         99] Golden answer:     1492344, Your answer:     1492344
[PASS] [Pattern        100] Golden answer:      332372, Your answer:      332372
[PASS] [Pattern        101] Golden answer:      832468, Your answer:      832468
[PASS] [Pattern        102] Golden answer:     1541705, Your answer:     1541705
[PASS] [Pattern        103] Golden answer:      861628, Your answer:      861628
[PASS] [Pattern        104] Golden answer:     -614678, Your answer:     -614678
[PASS] [Pattern        105] Golden answer:      969341, Your answer:      969341
[PASS] [Pattern        106] Golden answer:     -176582, Your answer:     -176582
[PASS] [Pattern        107] Golden answer:    -1837949, Your answer:    -1837949
[PASS] [Pattern        108] Golden answer:     -785069, Your answer:     -785069
[PASS] [Pattern        109] Golden answer:     1491712, Your answer:     1491712
[PASS] [Pattern        110] Golden answer:    -1426770, Your answer:    -1426770
[PASS] [Pattern        111] Golden answer:     -235900, Your answer:     -235900
[PASS] [Pattern        112] Golden answer:      859865, Your answer:      859865
[PASS] [Pattern        113] Golden answer:     -744408, Your answer:     -744408
[PASS] [Pattern        114] Golden answer:      769896, Your answer:      769896
[PASS] [Pattern        115] Golden answer:     -942521, Your answer:     -942521
[PASS] [Pattern        116] Golden answer:     -591988, Your answer:     -591988
[PASS] [Pattern        117] Golden answer:     -498099, Your answer:     -498099
[PASS] [Pattern        118] Golden answer:    -1180975, Your answer:    -1180975
[PASS] [Pattern        119] Golden answer:      578277, Your answer:      578277
[PASS] [Pattern        120] Golden answer:      440556, Your answer:      440556
[PASS] [Pattern        121] Golden answer:     1263852, Your answer:     1263852
[PASS] [Pattern        122] Golden answer:     1778033, Your answer:     1778033
[PASS] [Pattern        123] Golden answer:       56878, Your answer:       56878
[PASS] [Pattern        124] Golden answer:     -381680, Your answer:     -381680
[PASS] [Pattern        125] Golden answer:    -1739945, Your answer:    -1739945
[PASS] [Pattern        126] Golden answer:       44260, Your answer:       44260
[PASS] [Pattern        127] Golden answer:    -1917349, Your answer:    -1917349
[PASS] [Pattern        128] Golden answer:     1294745, Your answer:     1294745
[PASS] [Pattern        129] Golden answer:     -552735, Your answer:     -552735
[PASS] [Pattern        130] Golden answer:     1174041, Your answer:     1174041
[PASS] [Pattern        131] Golden answer:      763212, Your answer:      763212
[PASS] [Pattern        132] Golden answer:      539534, Your answer:      539534
[PASS] [Pattern        133] Golden answer:      501133, Your answer:      501133
[PASS] [Pattern        134] Golden answer:     1725934, Your answer:     1725934
[PASS] [Pattern        135] Golden answer:    -1246257, Your answer:    -1246257
[PASS] [Pattern        136] Golden answer:      284126, Your answer:      284126
[PASS] [Pattern        137] Golden answer:    -1578227, Your answer:    -1578227
[PASS] [Pattern        138] Golden answer:     -569725, Your answer:     -569725
[PASS] [Pattern        139] Golden answer:      249472, Your answer:      249472
[PASS] [Pattern        140] Golden answer:    -1936084, Your answer:    -1936084
[PASS] [Pattern        141] Golden answer:     -388065, Your answer:     -388065
[PASS] [Pattern        142] Golden answer:     -573833, Your answer:     -573833
[PASS] [Pattern        143] Golden answer:     1613305, Your answer:     1613305
[PASS] [Pattern        144] Golden answer:      589091, Your answer:      589091
[PASS] [Pattern        145] Golden answer:     -434366, Your answer:     -434366
[PASS] [Pattern        146] Golden answer:      841461, Your answer:      841461
[PASS] [Pattern        147] Golden answer:    -1146611, Your answer:    -1146611
[PASS] [Pattern        148] Golden answer:     -190323, Your answer:     -190323
[PASS] [Pattern        149] Golden answer:     -519567, Your answer:     -519567
[PASS] [Pattern        150] Golden answer:      456895, Your answer:      456895
[PASS] [Pattern        151] Golden answer:     1065610, Your answer:     1065610
[PASS] [Pattern        152] Golden answer:      515318, Your answer:      515318
[PASS] [Pattern        153] Golden answer:      228138, Your answer:      228138
[PASS] [Pattern        154] Golden answer:      548071, Your answer:      548071
[PASS] [Pattern        155] Golden answer:      820826, Your answer:      820826
[PASS] [Pattern        156] Golden answer:      568540, Your answer:      568540
[PASS] [Pattern        157] Golden answer:       12074, Your answer:       12074
[PASS] [Pattern        158] Golden answer:     -681142, Your answer:     -681142
[PASS] [Pattern        159] Golden answer:      -61790, Your answer:      -61790
[PASS] [Pattern        160] Golden answer:    -1992844, Your answer:    -1992844
[PASS] [Pattern        161] Golden answer:       10688, Your answer:       10688
[PASS] [Pattern        162] Golden answer:     1684510, Your answer:     1684510
[PASS] [Pattern        163] Golden answer:      -51827, Your answer:      -51827
[PASS] [Pattern        164] Golden answer:      881210, Your answer:      881210
[PASS] [Pattern        165] Golden answer:       84593, Your answer:       84593
[PASS] [Pattern        166] Golden answer:    -1235488, Your answer:    -1235488
[PASS] [Pattern        167] Golden answer:     -295204, Your answer:     -295204
[PASS] [Pattern        168] Golden answer:     -866091, Your answer:     -866091
[PASS] [Pattern        169] Golden answer:     -715543, Your answer:     -715543
[PASS] [Pattern        170] Golden answer:     2234140, Your answer:     2234140
[PASS] [Pattern        171] Golden answer:      -32291, Your answer:      -32291
[PASS] [Pattern        172] Golden answer:     -962549, Your answer:     -962549
[PASS] [Pattern        173] Golden answer:      614446, Your answer:      614446
[PASS] [Pattern        174] Golden answer:     -993871, Your answer:     -993871
[PASS] [Pattern        175] Golden answer:    -2222482, Your answer:    -2222482
[PASS] [Pattern        176] Golden answer:     -252891, Your answer:     -252891
[PASS] [Pattern        177] Golden answer:    -1189377, Your answer:    -1189377
[PASS] [Pattern        178] Golden answer:       32835, Your answer:       32835
[PASS] [Pattern        179] Golden answer:     1088750, Your answer:     1088750
[PASS] [Pattern        180] Golden answer:      721882, Your answer:      721882
[PASS] [Pattern        181] Golden answer:      948429, Your answer:      948429
[PASS] [Pattern        182] Golden answer:     2034595, Your answer:     2034595
[PASS] [Pattern        183] Golden answer:      680803, Your answer:      680803
[PASS] [Pattern        184] Golden answer:    -1503271, Your answer:    -1503271
[PASS] [Pattern        185] Golden answer:     -585353, Your answer:     -585353
[PASS] [Pattern        186] Golden answer:     -829708, Your answer:     -829708
[PASS] [Pattern        187] Golden answer:     -232954, Your answer:     -232954
[PASS] [Pattern        188] Golden answer:    -1567909, Your answer:    -1567909
[PASS] [Pattern        189] Golden answer:     1722460, Your answer:     1722460
[PASS] [Pattern        190] Golden answer:     1607549, Your answer:     1607549
[PASS] [Pattern        191] Golden answer:     -180356, Your answer:     -180356
[PASS] [Pattern        192] Golden answer:     -199629, Your answer:     -199629
[PASS] [Pattern        193] Golden answer:      123254, Your answer:      123254
[PASS] [Pattern        194] Golden answer:    -1106153, Your answer:    -1106153
[PASS] [Pattern        195] Golden answer:    -1259597, Your answer:    -1259597
[PASS] [Pattern        196] Golden answer:       24706, Your answer:       24706
[PASS] [Pattern        197] Golden answer:     -611144, Your answer:     -611144
[PASS] [Pattern        198] Golden answer:     1056418, Your answer:     1056418
[PASS] [Pattern        199] Golden answer:     -362820, Your answer:     -362820
[PASS] [Pattern        200] Golden answer:     -410794, Your answer:     -410794
[PASS] [Pattern        201] Golden answer:     -418444, Your answer:     -418444
[PASS] [Pattern        202] Golden answer:      -69939, Your answer:      -69939
[PASS] [Pattern        203] Golden answer:      500542, Your answer:      500542
[PASS] [Pattern        204] Golden answer:     1290698, Your answer:     1290698
[PASS] [Pattern        205] Golden answer:     1723494, Your answer:     1723494
[PASS] [Pattern        206] Golden answer:     -304837, Your answer:     -304837
[PASS] [Pattern        207] Golden answer:     -906648, Your answer:     -906648
[PASS] [Pattern        208] Golden answer:    -1100567, Your answer:    -1100567
[PASS] [Pattern        209] Golden answer:     1376606, Your answer:     1376606
[PASS] [Pattern        210] Golden answer:    -1768946, Your answer:    -1768946
[PASS] [Pattern        211] Golden answer:      338111, Your answer:      338111
[PASS] [Pattern        212] Golden answer:      129777, Your answer:      129777
[PASS] [Pattern        213] Golden answer:      398428, Your answer:      398428
[PASS] [Pattern        214] Golden answer:    -1701938, Your answer:    -1701938
[PASS] [Pattern        215] Golden answer:      -14210, Your answer:      -14210
[PASS] [Pattern        216] Golden answer:       75604, Your answer:       75604
[PASS] [Pattern        217] Golden answer:    -1063088, Your answer:    -1063088
[PASS] [Pattern        218] Golden answer:     1371658, Your answer:     1371658
[PASS] [Pattern        219] Golden answer:      894164, Your answer:      894164
[PASS] [Pattern        220] Golden answer:     -356343, Your answer:     -356343
[PASS] [Pattern        221] Golden answer:      572654, Your answer:      572654
[PASS] [Pattern        222] Golden answer:     1639702, Your answer:     1639702
[PASS] [Pattern        223] Golden answer:     -687016, Your answer:     -687016
[PASS] [Pattern        224] Golden answer:     -367249, Your answer:     -367249
[PASS] [Pattern        225] Golden answer:     1193531, Your answer:     1193531
[PASS] [Pattern        226] Golden answer:      186048, Your answer:      186048
[PASS] [Pattern        227] Golden answer:    -1133236, Your answer:    -1133236
[PASS] [Pattern        228] Golden answer:    -1314990, Your answer:    -1314990
[PASS] [Pattern        229] Golden answer:     -642992, Your answer:     -642992
[PASS] [Pattern        230] Golden answer:     1240326, Your answer:     1240326
[PASS] [Pattern        231] Golden answer:     1559128, Your answer:     1559128
[PASS] [Pattern        232] Golden answer:      305600, Your answer:      305600
[PASS] [Pattern        233] Golden answer:     1523507, Your answer:     1523507
[PASS] [Pattern        234] Golden answer:     -127629, Your answer:     -127629
[PASS] [Pattern        235] Golden answer:      125695, Your answer:      125695
[PASS] [Pattern        236] Golden answer:     -792290, Your answer:     -792290
[PASS] [Pattern        237] Golden answer:     -135867, Your answer:     -135867
[PASS] [Pattern        238] Golden answer:     -284365, Your answer:     -284365
[PASS] [Pattern        239] Golden answer:     -105056, Your answer:     -105056
[PASS] [Pattern        240] Golden answer:      727963, Your answer:      727963
[PASS] [Pattern        241] Golden answer:     1227483, Your answer:     1227483
[PASS] [Pattern        242] Golden answer:      293887, Your answer:      293887
[PASS] [Pattern        243] Golden answer:    -1271777, Your answer:    -1271777
[PASS] [Pattern        244] Golden answer:     1154907, Your answer:     1154907
[PASS] [Pattern        245] Golden answer:     -942701, Your answer:     -942701
[PASS] [Pattern        246] Golden answer:    -1941028, Your answer:    -1941028
[PASS] [Pattern        247] Golden answer:     -660417, Your answer:     -660417
[PASS] [Pattern        248] Golden answer:     -749705, Your answer:     -749705
[PASS] [Pattern        249] Golden answer:     -686275, Your answer:     -686275
[PASS] [Pattern        250] Golden answer:      -50352, Your answer:      -50352
[PASS] [Pattern        251] Golden answer:      -83911, Your answer:      -83911
[PASS] [Pattern        252] Golden answer:      133700, Your answer:      133700
[PASS] [Pattern        253] Golden answer:     1557446, Your answer:     1557446
[PASS] [Pattern        254] Golden answer:     -673581, Your answer:     -673581
[PASS] [Pattern        255] Golden answer:      -93231, Your answer:      -93231
[PASS] [Pattern        256] Golden answer:      178639, Your answer:      178639
[PASS] [Pattern        257] Golden answer:    -2213652, Your answer:    -2213652
[PASS] [Pattern        258] Golden answer:     -174362, Your answer:     -174362
[PASS] [Pattern        259] Golden answer:      887328, Your answer:      887328
[PASS] [Pattern        260] Golden answer:     -493724, Your answer:     -493724
[PASS] [Pattern        261] Golden answer:      726329, Your answer:      726329
[PASS] [Pattern        262] Golden answer:     -882515, Your answer:     -882515
[PASS] [Pattern        263] Golden answer:    -1284950, Your answer:    -1284950
[PASS] [Pattern        264] Golden answer:      423845, Your answer:      423845
[PASS] [Pattern        265] Golden answer:      -12572, Your answer:      -12572
[PASS] [Pattern        266] Golden answer:     1705865, Your answer:     1705865
[PASS] [Pattern        267] Golden answer:     1079842, Your answer:     1079842
[PASS] [Pattern        268] Golden answer:      141890, Your answer:      141890
[PASS] [Pattern        269] Golden answer:     -399998, Your answer:     -399998
[PASS] [Pattern        270] Golden answer:      182366, Your answer:      182366
[PASS] [Pattern        271] Golden answer:    -1752501, Your answer:    -1752501
[PASS] [Pattern        272] Golden answer:      365758, Your answer:      365758
[PASS] [Pattern        273] Golden answer:     1314336, Your answer:     1314336
[PASS] [Pattern        274] Golden answer:     -242476, Your answer:     -242476
[PASS] [Pattern        275] Golden answer:     -271474, Your answer:     -271474
[PASS] [Pattern        276] Golden answer:     2050330, Your answer:     2050330
[PASS] [Pattern        277] Golden answer:      136042, Your answer:      136042
[PASS] [Pattern        278] Golden answer:    -1351483, Your answer:    -1351483
[PASS] [Pattern        279] Golden answer:     -925344, Your answer:     -925344
[PASS] [Pattern        280] Golden answer:     1259410, Your answer:     1259410
[PASS] [Pattern        281] Golden answer:     -828519, Your answer:     -828519
[PASS] [Pattern        282] Golden answer:      521254, Your answer:      521254
[PASS] [Pattern        283] Golden answer:      551023, Your answer:      551023
[PASS] [Pattern        284] Golden answer:     -443731, Your answer:     -443731
[PASS] [Pattern        285] Golden answer:     -260423, Your answer:     -260423
[PASS] [Pattern        286] Golden answer:      462952, Your answer:      462952
[PASS] [Pattern        287] Golden answer:    -1021606, Your answer:    -1021606
[PASS] [Pattern        288] Golden answer:     -283194, Your answer:     -283194
[PASS] [Pattern        289] Golden answer:     1045770, Your answer:     1045770
[PASS] [Pattern        290] Golden answer:      308829, Your answer:      308829
[PASS] [Pattern        291] Golden answer:    -1777683, Your answer:    -1777683
[PASS] [Pattern        292] Golden answer:       64889, Your answer:       64889
[PASS] [Pattern        293] Golden answer:     1611631, Your answer:     1611631
[PASS] [Pattern        294] Golden answer:      623492, Your answer:      623492
[PASS] [Pattern        295] Golden answer:     -465259, Your answer:     -465259
[PASS] [Pattern        296] Golden answer:      612155, Your answer:      612155
[PASS] [Pattern        297] Golden answer:     -329131, Your answer:     -329131
[PASS] [Pattern        298] Golden answer:      927576, Your answer:      927576
[PASS] [Pattern        299] Golden answer:     1163732, Your answer:     1163732
[PASS] [Pattern        300] Golden answer:      773200, Your answer:      773200
[PASS] [Pattern        301] Golden answer:      304690, Your answer:      304690
[PASS] [Pattern        302] Golden answer:     -403825, Your answer:     -403825
[PASS] [Pattern        303] Golden answer:     -351548, Your answer:     -351548
[PASS] [Pattern        304] Golden answer:     -864646, Your answer:     -864646
[PASS] [Pattern        305] Golden answer:     -419941, Your answer:     -419941
[PASS] [Pattern        306] Golden answer:     -209362, Your answer:     -209362
[PASS] [Pattern        307] Golden answer:    -1530450, Your answer:    -1530450
[PASS] [Pattern        308] Golden answer:      747003, Your answer:      747003
[PASS] [Pattern        309] Golden answer:      996137, Your answer:      996137
[PASS] [Pattern        310] Golden answer:    -1012825, Your answer:    -1012825
[PASS] [Pattern        311] Golden answer:      634887, Your answer:      634887
[PASS] [Pattern        312] Golden answer:    -1010474, Your answer:    -1010474
[PASS] [Pattern        313] Golden answer:     1039171, Your answer:     1039171
[PASS] [Pattern        314] Golden answer:     -625566, Your answer:     -625566
[PASS] [Pattern        315] Golden answer:       22129, Your answer:       22129
[PASS] [Pattern        316] Golden answer:     -976943, Your answer:     -976943
[PASS] [Pattern        317] Golden answer:     1465743, Your answer:     1465743
[PASS] [Pattern        318] Golden answer:      696648, Your answer:      696648
[PASS] [Pattern        319] Golden answer:     -850655, Your answer:     -850655
[PASS] [Pattern        320] Golden answer:      -79938, Your answer:      -79938
[PASS] [Pattern        321] Golden answer:      342510, Your answer:      342510
[PASS] [Pattern        322] Golden answer:    -1834353, Your answer:    -1834353
[PASS] [Pattern        323] Golden answer:     -412960, Your answer:     -412960
[PASS] [Pattern        324] Golden answer:     -118715, Your answer:     -118715
[PASS] [Pattern        325] Golden answer:       31531, Your answer:       31531
[PASS] [Pattern        326] Golden answer:     2945622, Your answer:     2945622
[PASS] [Pattern        327] Golden answer:      727711, Your answer:      727711
[PASS] [Pattern        328] Golden answer:    -1079730, Your answer:    -1079730
[PASS] [Pattern        329] Golden answer:     1982600, Your answer:     1982600
[PASS] [Pattern        330] Golden answer:     -367803, Your answer:     -367803
[PASS] [Pattern        331] Golden answer:      655131, Your answer:      655131
[PASS] [Pattern        332] Golden answer:    -1599336, Your answer:    -1599336
[PASS] [Pattern        333] Golden answer:     -332523, Your answer:     -332523
[PASS] [Pattern        334] Golden answer:     -241664, Your answer:     -241664
[PASS] [Pattern        335] Golden answer:    -1309220, Your answer:    -1309220
[PASS] [Pattern        336] Golden answer:     -309414, Your answer:     -309414
[PASS] [Pattern        337] Golden answer:      633210, Your answer:      633210
[PASS] [Pattern        338] Golden answer:     -365409, Your answer:     -365409
[PASS] [Pattern        339] Golden answer:     -395675, Your answer:     -395675
[PASS] [Pattern        340] Golden answer:     1897221, Your answer:     1897221
[PASS] [Pattern        341] Golden answer:      121439, Your answer:      121439
[PASS] [Pattern        342] Golden answer:      343014, Your answer:      343014
[PASS] [Pattern        343] Golden answer:      -90891, Your answer:      -90891
[PASS] [Pattern        344] Golden answer:     1659155, Your answer:     1659155
[PASS] [Pattern        345] Golden answer:    -1181953, Your answer:    -1181953
[PASS] [Pattern        346] Golden answer:     -351084, Your answer:     -351084
[PASS] [Pattern        347] Golden answer:       -9830, Your answer:       -9830
[PASS] [Pattern        348] Golden answer:      928753, Your answer:      928753
[PASS] [Pattern        349] Golden answer:     -792371, Your answer:     -792371
[PASS] [Pattern        350] Golden answer:     -183749, Your answer:     -183749
[PASS] [Pattern        351] Golden answer:      502844, Your answer:      502844
[PASS] [Pattern        352] Golden answer:     1016970, Your answer:     1016970
[PASS] [Pattern        353] Golden answer:     1206310, Your answer:     1206310
[PASS] [Pattern        354] Golden answer:      368785, Your answer:      368785
[PASS] [Pattern        355] Golden answer:      590393, Your answer:      590393
[PASS] [Pattern        356] Golden answer:    -1684491, Your answer:    -1684491
[PASS] [Pattern        357] Golden answer:    -1067359, Your answer:    -1067359
[PASS] [Pattern        358] Golden answer:     -678269, Your answer:     -678269
[PASS] [Pattern        359] Golden answer:     -602133, Your answer:     -602133
[PASS] [Pattern        360] Golden answer:     -327974, Your answer:     -327974
[PASS] [Pattern        361] Golden answer:      208227, Your answer:      208227
[PASS] [Pattern        362] Golden answer:     -240958, Your answer:     -240958
[PASS] [Pattern        363] Golden answer:     -830199, Your answer:     -830199
[PASS] [Pattern        364] Golden answer:     2025311, Your answer:     2025311
[PASS] [Pattern        365] Golden answer:      448003, Your answer:      448003
[PASS] [Pattern        366] Golden answer:     -482227, Your answer:     -482227
[PASS] [Pattern        367] Golden answer:      455292, Your answer:      455292
[PASS] [Pattern        368] Golden answer:     -588948, Your answer:     -588948
[PASS] [Pattern        369] Golden answer:     -797686, Your answer:     -797686
[PASS] [Pattern        370] Golden answer:     -119605, Your answer:     -119605
[PASS] [Pattern        371] Golden answer:      446374, Your answer:      446374
[PASS] [Pattern        372] Golden answer:        -632, Your answer:        -632
[PASS] [Pattern        373] Golden answer:      285981, Your answer:      285981
[PASS] [Pattern        374] Golden answer:     1778824, Your answer:     1778824
[PASS] [Pattern        375] Golden answer:      864655, Your answer:      864655
[PASS] [Pattern        376] Golden answer:    -1950681, Your answer:    -1950681
[PASS] [Pattern        377] Golden answer:      345263, Your answer:      345263
[PASS] [Pattern        378] Golden answer:     -736993, Your answer:     -736993
[PASS] [Pattern        379] Golden answer:     -323487, Your answer:     -323487
[PASS] [Pattern        380] Golden answer:      661917, Your answer:      661917
[PASS] [Pattern        381] Golden answer:     -655078, Your answer:     -655078
[PASS] [Pattern        382] Golden answer:      272798, Your answer:      272798
[PASS] [Pattern        383] Golden answer:     2034913, Your answer:     2034913
[PASS] [Pattern        384] Golden answer:     -180985, Your answer:     -180985
[PASS] [Pattern        385] Golden answer:     -761079, Your answer:     -761079
[PASS] [Pattern        386] Golden answer:      361227, Your answer:      361227
[PASS] [Pattern        387] Golden answer:      967942, Your answer:      967942
[PASS] [Pattern        388] Golden answer:    -2841079, Your answer:    -2841079
[PASS] [Pattern        389] Golden answer:     -410533, Your answer:     -410533
[PASS] [Pattern        390] Golden answer:     1620745, Your answer:     1620745
[PASS] [Pattern        391] Golden answer:      -85711, Your answer:      -85711
[PASS] [Pattern        392] Golden answer:      634298, Your answer:      634298
[PASS] [Pattern        393] Golden answer:     1164995, Your answer:     1164995
[PASS] [Pattern        394] Golden answer:     -526296, Your answer:     -526296
[PASS] [Pattern        395] Golden answer:     -272363, Your answer:     -272363
[PASS] [Pattern        396] Golden answer:     -238425, Your answer:     -238425
[PASS] [Pattern        397] Golden answer:     -546203, Your answer:     -546203
[PASS] [Pattern        398] Golden answer:      585460, Your answer:      585460
[PASS] [Pattern        399] Golden answer:     1338836, Your answer:     1338836
[PASS] [Pattern        400] Golden answer:     1667883, Your answer:     1667883
[PASS] [Pattern        401] Golden answer:     -315537, Your answer:     -315537
[PASS] [Pattern        402] Golden answer:     -568692, Your answer:     -568692
[PASS] [Pattern        403] Golden answer:     -261138, Your answer:     -261138
[PASS] [Pattern        404] Golden answer:     1073596, Your answer:     1073596
[PASS] [Pattern        405] Golden answer:    -1925135, Your answer:    -1925135
[PASS] [Pattern        406] Golden answer:      308067, Your answer:      308067
[PASS] [Pattern        407] Golden answer:    -1021138, Your answer:    -1021138
[PASS] [Pattern        408] Golden answer:     -533646, Your answer:     -533646
[PASS] [Pattern        409] Golden answer:     -696736, Your answer:     -696736
[PASS] [Pattern        410] Golden answer:     -856559, Your answer:     -856559
[PASS] [Pattern        411] Golden answer:    -1133895, Your answer:    -1133895
[PASS] [Pattern        412] Golden answer:      199827, Your answer:      199827
[PASS] [Pattern        413] Golden answer:      763495, Your answer:      763495
[PASS] [Pattern        414] Golden answer:      538935, Your answer:      538935
[PASS] [Pattern        415] Golden answer:      154848, Your answer:      154848
[PASS] [Pattern        416] Golden answer:      379274, Your answer:      379274
[PASS] [Pattern        417] Golden answer:    -1243889, Your answer:    -1243889
[PASS] [Pattern        418] Golden answer:     -596202, Your answer:     -596202
[PASS] [Pattern        419] Golden answer:     -382740, Your answer:     -382740
[PASS] [Pattern        420] Golden answer:      848267, Your answer:      848267
[PASS] [Pattern        421] Golden answer:      414450, Your answer:      414450
[PASS] [Pattern        422] Golden answer:     1587305, Your answer:     1587305
[PASS] [Pattern        423] Golden answer:     -407528, Your answer:     -407528
[PASS] [Pattern        424] Golden answer:     -838116, Your answer:     -838116
[PASS] [Pattern        425] Golden answer:        9897, Your answer:        9897
[PASS] [Pattern        426] Golden answer:      149884, Your answer:      149884
[PASS] [Pattern        427] Golden answer:    -1334692, Your answer:    -1334692
[PASS] [Pattern        428] Golden answer:    -1969734, Your answer:    -1969734
[PASS] [Pattern        429] Golden answer:      920831, Your answer:      920831
[PASS] [Pattern        430] Golden answer:     -584021, Your answer:     -584021
[PASS] [Pattern        431] Golden answer:      346615, Your answer:      346615
[PASS] [Pattern        432] Golden answer:     1616740, Your answer:     1616740
[PASS] [Pattern        433] Golden answer:    -1103247, Your answer:    -1103247
[PASS] [Pattern        434] Golden answer:     -902884, Your answer:     -902884
[PASS] [Pattern        435] Golden answer:     1007454, Your answer:     1007454
[PASS] [Pattern        436] Golden answer:     1072244, Your answer:     1072244
[PASS] [Pattern        437] Golden answer:     -221815, Your answer:     -221815
[PASS] [Pattern        438] Golden answer:    -1051700, Your answer:    -1051700
[PASS] [Pattern        439] Golden answer:     1528175, Your answer:     1528175
[PASS] [Pattern        440] Golden answer:     -443439, Your answer:     -443439
[PASS] [Pattern        441] Golden answer:     -488736, Your answer:     -488736
[PASS] [Pattern        442] Golden answer:     -164803, Your answer:     -164803
[PASS] [Pattern        443] Golden answer:      764466, Your answer:      764466
[PASS] [Pattern        444] Golden answer:     1265944, Your answer:     1265944
[PASS] [Pattern        445] Golden answer:     1073247, Your answer:     1073247
[PASS] [Pattern        446] Golden answer:     1241662, Your answer:     1241662
[PASS] [Pattern        447] Golden answer:     -809606, Your answer:     -809606
[PASS] [Pattern        448] Golden answer:      543092, Your answer:      543092
[PASS] [Pattern        449] Golden answer:     -942437, Your answer:     -942437
[PASS] [Pattern        450] Golden answer:     -154186, Your answer:     -154186
[PASS] [Pattern        451] Golden answer:     -863781, Your answer:     -863781
[PASS] [Pattern        452] Golden answer:     -591559, Your answer:     -591559
[PASS] [Pattern        453] Golden answer:    -1246720, Your answer:    -1246720
[PASS] [Pattern        454] Golden answer:    -1394058, Your answer:    -1394058
[PASS] [Pattern        455] Golden answer:      234678, Your answer:      234678
[PASS] [Pattern        456] Golden answer:     -123670, Your answer:     -123670
[PASS] [Pattern        457] Golden answer:      145711, Your answer:      145711
[PASS] [Pattern        458] Golden answer:     -170893, Your answer:     -170893
[PASS] [Pattern        459] Golden answer:      316879, Your answer:      316879
[PASS] [Pattern        460] Golden answer:      691266, Your answer:      691266
[PASS] [Pattern        461] Golden answer:      497917, Your answer:      497917
[PASS] [Pattern        462] Golden answer:     -904899, Your answer:     -904899
------End the data input(AXI-Stream)------
[PASS] [Pattern        463] Golden answer:      283992, Your answer:      283992
[PASS] [Pattern        464] Golden answer:      985379, Your answer:      985379
[PASS] [Pattern        465] Golden answer:       43999, Your answer:       43999
[PASS] [Pattern        466] Golden answer:    -1371324, Your answer:    -1371324
[PASS] [Pattern        467] Golden answer:      333988, Your answer:      333988
[PASS] [Pattern        468] Golden answer:      884720, Your answer:      884720
[PASS] [Pattern        469] Golden answer:     -274848, Your answer:     -274848
[PASS] [Pattern        470] Golden answer:      810383, Your answer:      810383
[PASS] [Pattern        471] Golden answer:      724100, Your answer:      724100
